  [1m[35m (0.1ms)[0m  [1m[34mSELECT sqlite_version(*)[0m
  ↳ bin/rails:4
  [1m[35m (19.8ms)[0m  [1m[35mCREATE TABLE "schema_migrations" ("version" varchar NOT NULL PRIMARY KEY)[0m
  ↳ bin/rails:4
  [1m[35m (13.6ms)[0m  [1m[35mCREATE TABLE "ar_internal_metadata" ("key" varchar NOT NULL PRIMARY KEY, "value" varchar, "created_at" datetime NOT NULL, "updated_at" datetime NOT NULL)[0m
  ↳ bin/rails:4
  [1m[35m (0.2ms)[0m  [1m[34mSELECT "schema_migrations"."version" FROM "schema_migrations" ORDER BY "schema_migrations"."version" ASC[0m
  ↳ bin/rails:4
Migrating to CreateProducts (20190722010850)
  [1m[35m (0.1ms)[0m  [1m[36mbegin transaction[0m
  ↳ bin/rails:4
  [1m[35m (0.3ms)[0m  [1m[35mCREATE TABLE "products" ("id" integer PRIMARY KEY AUTOINCREMENT NOT NULL, "name" varchar, "description" varchar, "color" varchar, "size" varchar)[0m
  ↳ db/migrate/20190722010850_create_products.rb:3
  [1m[36mActiveRecord::SchemaMigration Create (0.2ms)[0m  [1m[32mINSERT INTO "schema_migrations" ("version") VALUES (?)[0m  [["version", "20190722010850"]]
  ↳ bin/rails:4
  [1m[35m (12.3ms)[0m  [1m[36mcommit transaction[0m
  ↳ bin/rails:4
Migrating to CreateClients (20190722010952)
  [1m[35m (0.1ms)[0m  [1m[36mbegin transaction[0m
  ↳ bin/rails:4
  [1m[35m (0.4ms)[0m  [1m[35mCREATE TABLE "clients" ("id" integer PRIMARY KEY AUTOINCREMENT NOT NULL, "name" varchar, "phone" varchar, "address" varchar, "type" varchar)[0m
  ↳ db/migrate/20190722010952_create_clients.rb:3
  [1m[36mActiveRecord::SchemaMigration Create (0.1ms)[0m  [1m[32mINSERT INTO "schema_migrations" ("version") VALUES (?)[0m  [["version", "20190722010952"]]
  ↳ bin/rails:4
  [1m[35m (18.3ms)[0m  [1m[36mcommit transaction[0m
  ↳ bin/rails:4
Migrating to CreateRawMaterials (20190722011036)
  [1m[35m (0.1ms)[0m  [1m[36mbegin transaction[0m
  ↳ bin/rails:4
  [1m[35m (0.0ms)[0m  [1m[31mrollback transaction[0m
  ↳ bin/rails:4
  [1m[35m (0.1ms)[0m  [1m[34mSELECT "schema_migrations"."version" FROM "schema_migrations" ORDER BY "schema_migrations"."version" ASC[0m
  ↳ bin/rails:4
Migrating to CreateRawMaterials (20190722011036)
  [1m[35m (0.0ms)[0m  [1m[36mbegin transaction[0m
  ↳ bin/rails:4
  [1m[35m (0.1ms)[0m  [1m[34mSELECT sqlite_version(*)[0m
  ↳ db/migrate/20190722011036_create_raw_materials.rb:3
  [1m[35m (0.2ms)[0m  [1m[35mCREATE TABLE "raw_materials" ("id" integer PRIMARY KEY AUTOINCREMENT NOT NULL, "name" varchar, "quantity" integer, "description" varchar)[0m
  ↳ db/migrate/20190722011036_create_raw_materials.rb:3
  [1m[36mActiveRecord::SchemaMigration Create (0.2ms)[0m  [1m[32mINSERT INTO "schema_migrations" ("version") VALUES (?)[0m  [["version", "20190722011036"]]
  ↳ bin/rails:4
  [1m[35m (17.7ms)[0m  [1m[36mcommit transaction[0m
  ↳ bin/rails:4
Migrating to CreateJoinTableClientsProducts (20190722011626)
  [1m[35m (0.1ms)[0m  [1m[36mbegin transaction[0m
  ↳ bin/rails:4
  [1m[35m (0.1ms)[0m  [1m[31mrollback transaction[0m
  ↳ bin/rails:4
  [1m[35m (0.1ms)[0m  [1m[34mSELECT "schema_migrations"."version" FROM "schema_migrations" ORDER BY "schema_migrations"."version" ASC[0m
  ↳ bin/rails:4
Migrating to CreateJoinTableClientsProducts (20190722011626)
  [1m[35m (0.0ms)[0m  [1m[36mbegin transaction[0m
  ↳ bin/rails:4
  [1m[35m (0.1ms)[0m  [1m[34mSELECT sqlite_version(*)[0m
  ↳ db/migrate/20190722011626_create_join_table_clients_products.rb:3
  [1m[35m (0.2ms)[0m  [1m[35mCREATE TABLE "clients_products" ("client_id" integer NOT NULL, "product_id" integer NOT NULL, "quantity" integer, "sent" boolean)[0m
  ↳ db/migrate/20190722011626_create_join_table_clients_products.rb:3
  [1m[35m (0.1ms)[0m  [1m[31mrollback transaction[0m
  ↳ bin/rails:4
  [1m[35m (0.1ms)[0m  [1m[34mSELECT "schema_migrations"."version" FROM "schema_migrations" ORDER BY "schema_migrations"."version" ASC[0m
  ↳ bin/rails:4
Migrating to CreateJoinTableClientsProducts (20190722011626)
  [1m[35m (0.0ms)[0m  [1m[36mbegin transaction[0m
  ↳ bin/rails:4
  [1m[35m (0.1ms)[0m  [1m[34mSELECT sqlite_version(*)[0m
  ↳ db/migrate/20190722011626_create_join_table_clients_products.rb:3
  [1m[35m (0.4ms)[0m  [1m[35mCREATE TABLE "clients_products" ("client_id" integer NOT NULL, "product_id" integer NOT NULL, "quantity" integer, "sent" boolean)[0m
  ↳ db/migrate/20190722011626_create_join_table_clients_products.rb:3
  [1m[35m (0.1ms)[0m  [1m[35mCREATE  INDEX "client_product_date" ON "clients_products" ("client_id", "product_id", "created_at")[0m
  ↳ db/migrate/20190722011626_create_join_table_clients_products.rb:3
  [1m[35m (0.1ms)[0m  [1m[35mCREATE  INDEX "product_client_date" ON "clients_products" ("product_id", "client_id", "created_at")[0m
  ↳ db/migrate/20190722011626_create_join_table_clients_products.rb:3
  [1m[36mActiveRecord::SchemaMigration Create (0.5ms)[0m  [1m[32mINSERT INTO "schema_migrations" ("version") VALUES (?)[0m  [["version", "20190722011626"]]
  ↳ bin/rails:4
  [1m[35m (12.6ms)[0m  [1m[36mcommit transaction[0m
  ↳ bin/rails:4
  [1m[36mActiveRecord::InternalMetadata Load (0.3ms)[0m  [1m[34mSELECT  "ar_internal_metadata".* FROM "ar_internal_metadata" WHERE "ar_internal_metadata"."key" = ? LIMIT ?[0m  [["key", "environment"], ["LIMIT", 1]]
  ↳ bin/rails:4
  [1m[35m (0.1ms)[0m  [1m[36mbegin transaction[0m
  ↳ bin/rails:4
  [1m[36mActiveRecord::InternalMetadata Create (0.5ms)[0m  [1m[32mINSERT INTO "ar_internal_metadata" ("key", "value", "created_at", "updated_at") VALUES (?, ?, ?, ?)[0m  [["key", "environment"], ["value", "development"], ["created_at", "2019-07-22 01:26:12.277114"], ["updated_at", "2019-07-22 01:26:12.277114"]]
  ↳ bin/rails:4
  [1m[35m (10.9ms)[0m  [1m[36mcommit transaction[0m
  ↳ bin/rails:4
  [1m[35m (0.2ms)[0m  [1m[34mSELECT "schema_migrations"."version" FROM "schema_migrations" ORDER BY "schema_migrations"."version" ASC[0m
  ↳ bin/rails:4
  [1m[35m (0.3ms)[0m  [1m[34mSELECT "schema_migrations"."version" FROM "schema_migrations" ORDER BY "schema_migrations"."version" ASC[0m
  ↳ bin/rails:4
  [1m[35m (0.5ms)[0m  [1m[34mSELECT "ar_internal_metadata"."value" FROM "ar_internal_metadata" WHERE "ar_internal_metadata"."key" = ?[0m  [["key", "environment"]]
  ↳ bin/rails:4
  [1m[35m (0.1ms)[0m  [1m[34mSELECT "schema_migrations"."version" FROM "schema_migrations" ORDER BY "schema_migrations"."version" ASC[0m
  ↳ bin/rails:4
  [1m[35m (0.1ms)[0m  [1m[34mSELECT "ar_internal_metadata"."value" FROM "ar_internal_metadata" WHERE "ar_internal_metadata"."key" = ?[0m  [["key", "environment"]]
  ↳ bin/rails:4
  [1m[35m (0.0ms)[0m  [1m[34mSELECT "schema_migrations"."version" FROM "schema_migrations" ORDER BY "schema_migrations"."version" ASC[0m
  ↳ bin/rails:4
  [1m[35m (0.1ms)[0m  [1m[34mSELECT "ar_internal_metadata"."value" FROM "ar_internal_metadata" WHERE "ar_internal_metadata"."key" = ?[0m  [["key", "environment"]]
  ↳ bin/rails:4
  [1m[35m (0.1ms)[0m  [1m[34mSELECT sqlite_version(*)[0m
  ↳ bin/rails:4
  [1m[35m (16.5ms)[0m  [1m[35mCREATE TABLE "schema_migrations" ("version" varchar NOT NULL PRIMARY KEY)[0m
  ↳ bin/rails:4
  [1m[35m (13.1ms)[0m  [1m[35mCREATE TABLE "ar_internal_metadata" ("key" varchar NOT NULL PRIMARY KEY, "value" varchar, "created_at" datetime NOT NULL, "updated_at" datetime NOT NULL)[0m
  ↳ bin/rails:4
  [1m[35m (0.2ms)[0m  [1m[34mSELECT "schema_migrations"."version" FROM "schema_migrations" ORDER BY "schema_migrations"."version" ASC[0m
  ↳ bin/rails:4
Migrating to CreateProducts (20190722010850)
  [1m[35m (0.1ms)[0m  [1m[36mbegin transaction[0m
  ↳ bin/rails:4
  [1m[35m (0.4ms)[0m  [1m[35mCREATE TABLE "products" ("id" integer PRIMARY KEY AUTOINCREMENT NOT NULL, "name" varchar NOT NULL, "description" varchar, "color" varchar, "size" varchar)[0m
  ↳ db/migrate/20190722010850_create_products.rb:3
  [1m[36mActiveRecord::SchemaMigration Create (0.3ms)[0m  [1m[32mINSERT INTO "schema_migrations" ("version") VALUES (?)[0m  [["version", "20190722010850"]]
  ↳ bin/rails:4
  [1m[35m (16.0ms)[0m  [1m[36mcommit transaction[0m
  ↳ bin/rails:4
Migrating to CreateClients (20190722010952)
  [1m[35m (0.2ms)[0m  [1m[36mbegin transaction[0m
  ↳ bin/rails:4
  [1m[35m (1.1ms)[0m  [1m[35mCREATE TABLE "clients" ("id" integer PRIMARY KEY AUTOINCREMENT NOT NULL, "name" varchar NOT NULL, "phone" varchar, "address" varchar NOT NULL, "type" varchar NOT NULL)[0m
  ↳ db/migrate/20190722010952_create_clients.rb:3
  [1m[36mActiveRecord::SchemaMigration Create (0.6ms)[0m  [1m[32mINSERT INTO "schema_migrations" ("version") VALUES (?)[0m  [["version", "20190722010952"]]
  ↳ bin/rails:4
  [1m[35m (16.3ms)[0m  [1m[36mcommit transaction[0m
  ↳ bin/rails:4
Migrating to CreateRawMaterials (20190722011036)
  [1m[35m (0.1ms)[0m  [1m[36mbegin transaction[0m
  ↳ bin/rails:4
  [1m[35m (0.4ms)[0m  [1m[35mCREATE TABLE "raw_materials" ("id" integer PRIMARY KEY AUTOINCREMENT NOT NULL, "name" varchar NOT NULL, "quantity" integer NOT NULL, "description" varchar)[0m
  ↳ db/migrate/20190722011036_create_raw_materials.rb:3
  [1m[36mActiveRecord::SchemaMigration Create (0.2ms)[0m  [1m[32mINSERT INTO "schema_migrations" ("version") VALUES (?)[0m  [["version", "20190722011036"]]
  ↳ bin/rails:4
  [1m[35m (13.1ms)[0m  [1m[36mcommit transaction[0m
  ↳ bin/rails:4
Migrating to CreateJoinTableClientsProducts (20190722011626)
  [1m[35m (0.1ms)[0m  [1m[36mbegin transaction[0m
  ↳ bin/rails:4
  [1m[35m (0.3ms)[0m  [1m[35mCREATE TABLE "clients_products" ("client_id" integer NOT NULL, "product_id" integer NOT NULL, "quantity" integer NOT NULL, "sent" boolean NOT NULL, "created_at" datetime NOT NULL)[0m
  ↳ db/migrate/20190722011626_create_join_table_clients_products.rb:3
  [1m[35m (0.1ms)[0m  [1m[35mCREATE  INDEX "client_product_date" ON "clients_products" ("client_id", "product_id", "created_at")[0m
  ↳ db/migrate/20190722011626_create_join_table_clients_products.rb:3
  [1m[35m (0.1ms)[0m  [1m[35mCREATE  INDEX "product_client_date" ON "clients_products" ("product_id", "client_id", "created_at")[0m
  ↳ db/migrate/20190722011626_create_join_table_clients_products.rb:3
  [1m[36mActiveRecord::SchemaMigration Create (0.1ms)[0m  [1m[32mINSERT INTO "schema_migrations" ("version") VALUES (?)[0m  [["version", "20190722011626"]]
  ↳ bin/rails:4
  [1m[35m (12.5ms)[0m  [1m[36mcommit transaction[0m
  ↳ bin/rails:4
  [1m[36mActiveRecord::InternalMetadata Load (0.2ms)[0m  [1m[34mSELECT  "ar_internal_metadata".* FROM "ar_internal_metadata" WHERE "ar_internal_metadata"."key" = ? LIMIT ?[0m  [["key", "environment"], ["LIMIT", 1]]
  ↳ bin/rails:4
  [1m[35m (0.1ms)[0m  [1m[36mbegin transaction[0m
  ↳ bin/rails:4
  [1m[36mActiveRecord::InternalMetadata Create (0.3ms)[0m  [1m[32mINSERT INTO "ar_internal_metadata" ("key", "value", "created_at", "updated_at") VALUES (?, ?, ?, ?)[0m  [["key", "environment"], ["value", "development"], ["created_at", "2019-07-22 01:30:28.406898"], ["updated_at", "2019-07-22 01:30:28.406898"]]
  ↳ bin/rails:4
  [1m[35m (10.8ms)[0m  [1m[36mcommit transaction[0m
  ↳ bin/rails:4
  [1m[35m (0.1ms)[0m  [1m[34mSELECT "schema_migrations"."version" FROM "schema_migrations" ORDER BY "schema_migrations"."version" ASC[0m
  ↳ bin/rails:4
  [1m[35m (0.1ms)[0m  [1m[34mSELECT "schema_migrations"."version" FROM "schema_migrations" ORDER BY "schema_migrations"."version" ASC[0m
  ↳ bin/rails:4
Migrating to CreateInventory (20190722013313)
  [1m[35m (0.0ms)[0m  [1m[36mbegin transaction[0m
  ↳ bin/rails:4
  [1m[35m (0.0ms)[0m  [1m[31mrollback transaction[0m
  ↳ bin/rails:4
  [1m[35m (0.1ms)[0m  [1m[34mSELECT "schema_migrations"."version" FROM "schema_migrations" ORDER BY "schema_migrations"."version" ASC[0m
  ↳ bin/rails:4
Migrating to CreateInventory (20190722013313)
  [1m[35m (0.0ms)[0m  [1m[36mbegin transaction[0m
  ↳ bin/rails:4
  [1m[35m (0.1ms)[0m  [1m[34mSELECT sqlite_version(*)[0m
  ↳ db/migrate/20190722013313_create_inventory.rb:3
  [1m[35m (0.3ms)[0m  [1m[35mCREATE TABLE "inventories" ("id" integer PRIMARY KEY AUTOINCREMENT NOT NULL, "product_id" integer NOT NULL, "quantity" integer, "retailer_cost" decimal, "wholesale_cost" decimal)[0m
  ↳ db/migrate/20190722013313_create_inventory.rb:3
  [1m[36mActiveRecord::SchemaMigration Create (0.3ms)[0m  [1m[32mINSERT INTO "schema_migrations" ("version") VALUES (?)[0m  [["version", "20190722013313"]]
  ↳ bin/rails:4
  [1m[35m (12.0ms)[0m  [1m[36mcommit transaction[0m
  ↳ bin/rails:4
  [1m[36mActiveRecord::InternalMetadata Load (0.1ms)[0m  [1m[34mSELECT  "ar_internal_metadata".* FROM "ar_internal_metadata" WHERE "ar_internal_metadata"."key" = ? LIMIT ?[0m  [["key", "environment"], ["LIMIT", 1]]
  ↳ bin/rails:4
  [1m[35m (0.1ms)[0m  [1m[36mbegin transaction[0m
  ↳ bin/rails:4
  [1m[35m (0.0ms)[0m  [1m[36mcommit transaction[0m
  ↳ bin/rails:4
  [1m[35m (0.1ms)[0m  [1m[34mSELECT "schema_migrations"."version" FROM "schema_migrations" ORDER BY "schema_migrations"."version" ASC[0m
  ↳ bin/rails:4
  [1m[35m (0.1ms)[0m  [1m[34mSELECT "schema_migrations"."version" FROM "schema_migrations" ORDER BY "schema_migrations"."version" ASC[0m
  ↳ bin/rails:4
  [1m[35m (0.1ms)[0m  [1m[34mSELECT "ar_internal_metadata"."value" FROM "ar_internal_metadata" WHERE "ar_internal_metadata"."key" = ?[0m  [["key", "environment"]]
  ↳ bin/rails:4
  [1m[35m (0.1ms)[0m  [1m[34mSELECT "schema_migrations"."version" FROM "schema_migrations" ORDER BY "schema_migrations"."version" ASC[0m
  ↳ bin/rails:4
  [1m[35m (0.0ms)[0m  [1m[34mSELECT "ar_internal_metadata"."value" FROM "ar_internal_metadata" WHERE "ar_internal_metadata"."key" = ?[0m  [["key", "environment"]]
  ↳ bin/rails:4
  [1m[35m (0.0ms)[0m  [1m[34mSELECT "schema_migrations"."version" FROM "schema_migrations" ORDER BY "schema_migrations"."version" ASC[0m
  ↳ bin/rails:4
  [1m[35m (0.0ms)[0m  [1m[34mSELECT "ar_internal_metadata"."value" FROM "ar_internal_metadata" WHERE "ar_internal_metadata"."key" = ?[0m  [["key", "environment"]]
  ↳ bin/rails:4
  [1m[35m (0.1ms)[0m  [1m[34mSELECT sqlite_version(*)[0m
  ↳ bin/rails:4
  [1m[35m (17.3ms)[0m  [1m[35mCREATE TABLE "schema_migrations" ("version" varchar NOT NULL PRIMARY KEY)[0m
  ↳ bin/rails:4
  [1m[35m (18.3ms)[0m  [1m[35mCREATE TABLE "ar_internal_metadata" ("key" varchar NOT NULL PRIMARY KEY, "value" varchar, "created_at" datetime NOT NULL, "updated_at" datetime NOT NULL)[0m
  ↳ bin/rails:4
  [1m[35m (0.4ms)[0m  [1m[34mSELECT "schema_migrations"."version" FROM "schema_migrations" ORDER BY "schema_migrations"."version" ASC[0m
  ↳ bin/rails:4
Migrating to CreateProducts (20190722010850)
  [1m[35m (0.1ms)[0m  [1m[36mbegin transaction[0m
  ↳ bin/rails:4
  [1m[35m (0.6ms)[0m  [1m[35mCREATE TABLE "products" ("id" integer PRIMARY KEY AUTOINCREMENT NOT NULL, "name" varchar NOT NULL, "description" varchar, "color" varchar, "size" varchar)[0m
  ↳ db/migrate/20190722010850_create_products.rb:3
  [1m[36mActiveRecord::SchemaMigration Create (0.3ms)[0m  [1m[32mINSERT INTO "schema_migrations" ("version") VALUES (?)[0m  [["version", "20190722010850"]]
  ↳ bin/rails:4
  [1m[35m (15.8ms)[0m  [1m[36mcommit transaction[0m
  ↳ bin/rails:4
Migrating to CreateClients (20190722010952)
  [1m[35m (0.1ms)[0m  [1m[36mbegin transaction[0m
  ↳ bin/rails:4
  [1m[35m (0.3ms)[0m  [1m[35mCREATE TABLE "clients" ("id" integer PRIMARY KEY AUTOINCREMENT NOT NULL, "name" varchar NOT NULL, "phone" varchar, "address" varchar NOT NULL, "type" varchar NOT NULL)[0m
  ↳ db/migrate/20190722010952_create_clients.rb:3
  [1m[36mActiveRecord::SchemaMigration Create (0.2ms)[0m  [1m[32mINSERT INTO "schema_migrations" ("version") VALUES (?)[0m  [["version", "20190722010952"]]
  ↳ bin/rails:4
  [1m[35m (13.4ms)[0m  [1m[36mcommit transaction[0m
  ↳ bin/rails:4
Migrating to CreateRawMaterials (20190722011036)
  [1m[35m (0.0ms)[0m  [1m[36mbegin transaction[0m
  ↳ bin/rails:4
  [1m[35m (0.3ms)[0m  [1m[35mCREATE TABLE "raw_materials" ("id" integer PRIMARY KEY AUTOINCREMENT NOT NULL, "name" varchar NOT NULL, "quantity" integer NOT NULL, "description" varchar)[0m
  ↳ db/migrate/20190722011036_create_raw_materials.rb:3
  [1m[36mActiveRecord::SchemaMigration Create (0.2ms)[0m  [1m[32mINSERT INTO "schema_migrations" ("version") VALUES (?)[0m  [["version", "20190722011036"]]
  ↳ bin/rails:4
  [1m[35m (15.3ms)[0m  [1m[36mcommit transaction[0m
  ↳ bin/rails:4
Migrating to CreateJoinTableClientsProducts (20190722011626)
  [1m[35m (0.1ms)[0m  [1m[36mbegin transaction[0m
  ↳ bin/rails:4
  [1m[35m (0.5ms)[0m  [1m[35mCREATE TABLE "clients_products" ("client_id" integer NOT NULL, "product_id" integer NOT NULL, "quantity" integer NOT NULL, "sent" boolean NOT NULL, "created_at" datetime NOT NULL)[0m
  ↳ db/migrate/20190722011626_create_join_table_clients_products.rb:3
  [1m[35m (0.2ms)[0m  [1m[35mCREATE  INDEX "client_product_date" ON "clients_products" ("client_id", "product_id", "created_at")[0m
  ↳ db/migrate/20190722011626_create_join_table_clients_products.rb:3
  [1m[35m (0.1ms)[0m  [1m[35mCREATE  INDEX "product_client_date" ON "clients_products" ("product_id", "client_id", "created_at")[0m
  ↳ db/migrate/20190722011626_create_join_table_clients_products.rb:3
  [1m[36mActiveRecord::SchemaMigration Create (0.2ms)[0m  [1m[32mINSERT INTO "schema_migrations" ("version") VALUES (?)[0m  [["version", "20190722011626"]]
  ↳ bin/rails:4
  [1m[35m (15.8ms)[0m  [1m[36mcommit transaction[0m
  ↳ bin/rails:4
Migrating to CreateInventory (20190722013754)
  [1m[35m (0.1ms)[0m  [1m[36mbegin transaction[0m
  ↳ bin/rails:4
  [1m[35m (0.1ms)[0m  [1m[31mrollback transaction[0m
  ↳ bin/rails:4
  [1m[35m (0.1ms)[0m  [1m[34mSELECT "schema_migrations"."version" FROM "schema_migrations" ORDER BY "schema_migrations"."version" ASC[0m
  ↳ bin/rails:4
Migrating to CreateInventory (20190722013754)
  [1m[35m (0.0ms)[0m  [1m[36mbegin transaction[0m
  ↳ bin/rails:4
  [1m[35m (0.1ms)[0m  [1m[34mSELECT sqlite_version(*)[0m
  ↳ db/migrate/20190722013754_create_inventory.rb:3
  [1m[35m (0.3ms)[0m  [1m[35mCREATE TABLE "inventories" ("id" integer PRIMARY KEY AUTOINCREMENT NOT NULL, "product_id" integer, "quantity" integer, "retailer_cost" decimal, "wholesale_cost" decimal, CONSTRAINT "fk_rails_e94eb46135"
FOREIGN KEY ("product_id")
  REFERENCES "products" ("id")
)[0m
  ↳ db/migrate/20190722013754_create_inventory.rb:3
  [1m[35m (0.2ms)[0m  [1m[35mCREATE  INDEX "index_inventories_on_product_id" ON "inventories" ("product_id")[0m
  ↳ db/migrate/20190722013754_create_inventory.rb:3
  [1m[36mActiveRecord::SchemaMigration Create (0.2ms)[0m  [1m[32mINSERT INTO "schema_migrations" ("version") VALUES (?)[0m  [["version", "20190722013754"]]
  ↳ bin/rails:4
  [1m[35m (15.8ms)[0m  [1m[36mcommit transaction[0m
  ↳ bin/rails:4
  [1m[36mActiveRecord::InternalMetadata Load (0.3ms)[0m  [1m[34mSELECT  "ar_internal_metadata".* FROM "ar_internal_metadata" WHERE "ar_internal_metadata"."key" = ? LIMIT ?[0m  [["key", "environment"], ["LIMIT", 1]]
  ↳ bin/rails:4
  [1m[35m (0.1ms)[0m  [1m[36mbegin transaction[0m
  ↳ bin/rails:4
  [1m[36mActiveRecord::InternalMetadata Create (0.3ms)[0m  [1m[32mINSERT INTO "ar_internal_metadata" ("key", "value", "created_at", "updated_at") VALUES (?, ?, ?, ?)[0m  [["key", "environment"], ["value", "development"], ["created_at", "2019-07-22 01:38:28.247376"], ["updated_at", "2019-07-22 01:38:28.247376"]]
  ↳ bin/rails:4
  [1m[35m (22.7ms)[0m  [1m[36mcommit transaction[0m
  ↳ bin/rails:4
  [1m[35m (0.3ms)[0m  [1m[34mSELECT "schema_migrations"."version" FROM "schema_migrations" ORDER BY "schema_migrations"."version" ASC[0m
  ↳ bin/rails:4
  [1m[35m (0.1ms)[0m  [1m[34mSELECT "schema_migrations"."version" FROM "schema_migrations" ORDER BY "schema_migrations"."version" ASC[0m
  ↳ bin/rails:4
Migrating to CreateJoinTableClientsInventory (20190722014037)
  [1m[35m (0.0ms)[0m  [1m[36mbegin transaction[0m
  ↳ bin/rails:4
  [1m[35m (0.0ms)[0m  [1m[31mrollback transaction[0m
  ↳ bin/rails:4
  [1m[35m (0.1ms)[0m  [1m[34mSELECT "schema_migrations"."version" FROM "schema_migrations" ORDER BY "schema_migrations"."version" ASC[0m
  ↳ bin/rails:4
Migrating to CreateJoinTableClientsInventory (20190722014037)
  [1m[35m (0.0ms)[0m  [1m[36mbegin transaction[0m
  ↳ bin/rails:4
  [1m[35m (0.1ms)[0m  [1m[34mSELECT sqlite_version(*)[0m
  ↳ db/migrate/20190722014037_create_join_table_clients_inventory.rb:3
  [1m[35m (0.3ms)[0m  [1m[35mCREATE TABLE "clients_inventories" ("client_id" integer NOT NULL, "inventory_id" integer NOT NULL, "created_at" datetime NOT NULL, "city" varchar, "address" varchar, "phone" varchar)[0m
  ↳ db/migrate/20190722014037_create_join_table_clients_inventory.rb:3
  [1m[35m (0.1ms)[0m  [1m[31mrollback transaction[0m
  ↳ bin/rails:4
  [1m[35m (0.1ms)[0m  [1m[34mSELECT "schema_migrations"."version" FROM "schema_migrations" ORDER BY "schema_migrations"."version" ASC[0m
  ↳ bin/rails:4
Migrating to CreateJoinTableClientsInventory (20190722014037)
  [1m[35m (0.0ms)[0m  [1m[36mbegin transaction[0m
  ↳ bin/rails:4
  [1m[35m (0.1ms)[0m  [1m[34mSELECT sqlite_version(*)[0m
  ↳ db/migrate/20190722014037_create_join_table_clients_inventory.rb:3
  [1m[35m (0.3ms)[0m  [1m[35mCREATE TABLE "clients_inventories" ("client_id" integer NOT NULL, "inventory_id" integer NOT NULL, "created_at" datetime NOT NULL, "city" varchar, "address" varchar, "phone" varchar)[0m
  ↳ db/migrate/20190722014037_create_join_table_clients_inventory.rb:3
  [1m[35m (0.2ms)[0m  [1m[31mrollback transaction[0m
  ↳ bin/rails:4
  [1m[35m (0.1ms)[0m  [1m[34mSELECT "schema_migrations"."version" FROM "schema_migrations" ORDER BY "schema_migrations"."version" ASC[0m
  ↳ bin/rails:4
Migrating to CreateJoinTableClientsInventory (20190722014037)
  [1m[35m (0.0ms)[0m  [1m[36mbegin transaction[0m
  ↳ bin/rails:4
  [1m[35m (0.1ms)[0m  [1m[34mSELECT sqlite_version(*)[0m
  ↳ db/migrate/20190722014037_create_join_table_clients_inventory.rb:3
  [1m[35m (0.3ms)[0m  [1m[35mCREATE TABLE "clients_inventories" ("client_id" integer NOT NULL, "inventory_id" integer NOT NULL, "created_at" datetime NOT NULL, "city" varchar, "address" varchar, "phone" varchar)[0m
  ↳ db/migrate/20190722014037_create_join_table_clients_inventory.rb:3
  [1m[35m (0.1ms)[0m  [1m[35mCREATE  INDEX "client_inventory_created_id" ON "clients_inventories" ("client_id", "inventory_id", "created_at")[0m
  ↳ db/migrate/20190722014037_create_join_table_clients_inventory.rb:3
  [1m[35m (0.2ms)[0m  [1m[35mCREATE  INDEX "inventory_client_created_id" ON "clients_inventories" ("inventory_id", "client_id", "created_at")[0m
  ↳ db/migrate/20190722014037_create_join_table_clients_inventory.rb:3
  [1m[36mActiveRecord::SchemaMigration Create (0.2ms)[0m  [1m[32mINSERT INTO "schema_migrations" ("version") VALUES (?)[0m  [["version", "20190722014037"]]
  ↳ bin/rails:4
  [1m[35m (13.7ms)[0m  [1m[36mcommit transaction[0m
  ↳ bin/rails:4
Migrating to CreateJoinTableClientsRawMaterials (20190722014216)
  [1m[35m (0.1ms)[0m  [1m[36mbegin transaction[0m
  ↳ bin/rails:4
  [1m[35m (0.3ms)[0m  [1m[35mCREATE TABLE "clients_raw_materials" ("client_id" integer NOT NULL, "raw_material_id" integer NOT NULL, "arrived_at" datetime NOT NULL, "cost" decimal NOT NULL)[0m
  ↳ db/migrate/20190722014216_create_join_table_clients_raw_materials.rb:3
  [1m[35m (0.1ms)[0m  [1m[35mCREATE  INDEX "client_raw_arrived_id" ON "clients_raw_materials" ("client_id", "raw_materials_id", "arrived_at")[0m
  ↳ db/migrate/20190722014216_create_join_table_clients_raw_materials.rb:3
  [1m[35m (0.1ms)[0m  [1m[35mCREATE  INDEX "raw_client_arrived_id" ON "clients_raw_materials" ("inventory_id", "raw_materials_id", "arrived_at")[0m
  ↳ db/migrate/20190722014216_create_join_table_clients_raw_materials.rb:3
  [1m[36mActiveRecord::SchemaMigration Create (0.1ms)[0m  [1m[32mINSERT INTO "schema_migrations" ("version") VALUES (?)[0m  [["version", "20190722014216"]]
  ↳ bin/rails:4
  [1m[35m (16.0ms)[0m  [1m[36mcommit transaction[0m
  ↳ bin/rails:4
  [1m[36mActiveRecord::InternalMetadata Load (0.4ms)[0m  [1m[34mSELECT  "ar_internal_metadata".* FROM "ar_internal_metadata" WHERE "ar_internal_metadata"."key" = ? LIMIT ?[0m  [["key", "environment"], ["LIMIT", 1]]
  ↳ bin/rails:4
  [1m[35m (0.1ms)[0m  [1m[36mbegin transaction[0m
  ↳ bin/rails:4
  [1m[35m (0.0ms)[0m  [1m[36mcommit transaction[0m
  ↳ bin/rails:4
  [1m[35m (0.1ms)[0m  [1m[34mSELECT "schema_migrations"."version" FROM "schema_migrations" ORDER BY "schema_migrations"."version" ASC[0m
  ↳ bin/rails:4
